#
# There is insufficient memory for the Java Runtime Environment to continue.
# Native memory allocation (mmap) failed to map 264241152 bytes for Failed to commit area from 0x0000000704400000 to 0x0000000714000000 of length 264241152.
# Possible reasons:
#   The system is out of physical RAM or swap space
#   The process is running with CompressedOops enabled, and the Java Heap may be blocking the growth of the native heap
# Possible solutions:
#   Reduce memory load on the system
#   Increase physical memory or swap space
#   Check if swap backing store is full
#   Decrease Java heap size (-Xmx/-Xms)
#   Decrease number of Java threads
#   Decrease Java thread stack sizes (-Xss)
#   Set larger code cache with -XX:ReservedCodeCacheSize=
# This output file may be truncated or incomplete.
#
#  Out of Memory Error (./src/hotspot/os/windows/os_windows.cpp:3387), pid=22448, tid=15780
#
# JRE version:  (11.0.14.1+1) (build )
# Java VM: OpenJDK 64-Bit Server VM (11.0.14.1+1, mixed mode, sharing, tiered, compressed oops, g1 gc, windows-amd64)
# No core dump will be written. Minidumps are not enabled by default on client versions of Windows
#

---------------  S U M M A R Y ------------

Command Line: -Dfile.encoding=UTF-8 

Host: 12th Gen Intel(R) Core(TM) i7-12650H, 16 cores, 15G,  Windows 10 , 64 bit Build 19041 (10.0.19041.1889)
Time: Sun Apr 28 16:18:25 2024 RTZ 2 (зима) elapsed time: 0.005186 seconds (0d 0h 0m 0s)

---------------  T H R E A D  ---------------

Current thread (0x000001507a48e000):  JavaThread "Unknown thread" [_thread_in_vm, id=15780, stack(0x0000001880100000,0x0000001880200000)]

Stack: [0x0000001880100000,0x0000001880200000]
Native frames: (J=compiled Java code, j=interpreted, Vv=VM code, C=native code)
V  [jvm.dll+0x61e59a]
V  [jvm.dll+0x7aaca9]
V  [jvm.dll+0x7ac398]
V  [jvm.dll+0x7aca73]
V  [jvm.dll+0x24f9b8]
V  [jvm.dll+0x61b83a]
V  [jvm.dll+0x6100c5]
V  [jvm.dll+0x30772c]
V  [jvm.dll+0x3075b2]
V  [jvm.dll+0x30c2d6]
V  [jvm.dll+0x35272f]
V  [jvm.dll+0x352160]
V  [jvm.dll+0x2e4728]
V  [jvm.dll+0x2e5886]
V  [jvm.dll+0x784b07]
V  [jvm.dll+0x78628f]
V  [jvm.dll+0x35f479]
V  [jvm.dll+0x767aa0]
V  [jvm.dll+0x3ccf1f]
V  [jvm.dll+0x3cf2b1]
C  [jli.dll+0x5207]
C  [ucrtbase.dll+0x21bb2]
C  [KERNEL32.DLL+0x17034]
C  [ntdll.dll+0x526a1]


---------------  P R O C E S S  ---------------

Threads class SMR info:
_java_thread_list=0x0000015078271550, length=0, elements={
}

Java Threads: ( => current thread )

Other Threads:
  0x000001507834e000 GCTaskThread "GC Thread#0" [stack: 0x0000001880200000,0x0000001880300000] [id=16324]
  0x000001507a4fd800 ConcurrentGCThread "G1 Main Marker" [stack: 0x0000001880300000,0x0000001880400000] [id=19760]
  0x000001507a500800 ConcurrentGCThread "G1 Conc#0" [stack: 0x0000001880400000,0x0000001880500000] [id=3364]

[error occurred during error reporting (printing all threads), id 0xc0000005, EXCEPTION_ACCESS_VIOLATION (0xc0000005) at pc=0x00007ffe71ed3ef7]

VM state:not at safepoint (not fully initialized)

VM Mutex/Monitor currently owned by a thread:  ([mutex/lock_event])
[0x000001507a48a530] Heap_lock - owner thread: 0x000001507a48e000

Heap address: 0x0000000704400000, size: 4028 MB, Compressed Oops mode: Non-zero based: 0x0000000704400000
Narrow klass base: 0x0000000000000000, Narrow klass shift: 0

GC Heap History (0 events):
No events

Deoptimization events (0 events):
No events

Classes redefined (0 events):
No events

Internal exceptions (0 events):
No events

Events (1 events):
Event: 0.003 Loaded shared library D:\UnityVersion\2022.3.13f1\Editor\Data\PlaybackEngines\AndroidPlayer\OpenJDK\bin\zip.dll


Dynamic libraries:
0x00007ff6acc10000 - 0x00007ff6acc1d000 	D:\UnityVersion\2022.3.13f1\Editor\Data\PlaybackEngines\AndroidPlayer\OpenJDK\bin\java.exe
0x00007fff1c5b0000 - 0x00007fff1c7a8000 	C:\Windows\SYSTEM32\ntdll.dll
0x00007fff1bc30000 - 0x00007fff1bced000 	C:\Windows\System32\KERNEL32.DLL
0x00007fff19fd0000 - 0x00007fff1a29e000 	C:\Windows\System32\KERNELBASE.dll
0x00007fff1a2a0000 - 0x00007fff1a3a0000 	C:\Windows\System32\ucrtbase.dll
0x00007ffec4040000 - 0x00007ffec4057000 	D:\UnityVersion\2022.3.13f1\Editor\Data\PlaybackEngines\AndroidPlayer\OpenJDK\bin\jli.dll
0x00007fff1bcf0000 - 0x00007fff1be90000 	C:\Windows\System32\USER32.dll
0x00007fff19cd0000 - 0x00007fff19cf2000 	C:\Windows\System32\win32u.dll
0x00007ffec3f70000 - 0x00007ffec3f85000 	D:\UnityVersion\2022.3.13f1\Editor\Data\PlaybackEngines\AndroidPlayer\OpenJDK\bin\VCRUNTIME140.dll
0x00007fff01d80000 - 0x00007fff0201a000 	C:\Windows\WinSxS\amd64_microsoft.windows.common-controls_6595b64144ccf1df_6.0.19041.1110_none_60b5254171f9507e\COMCTL32.dll
0x00007fff1c470000 - 0x00007fff1c49a000 	C:\Windows\System32\GDI32.dll
0x00007fff19d00000 - 0x00007fff19e0b000 	C:\Windows\System32\gdi32full.dll
0x00007fff1c4d0000 - 0x00007fff1c56e000 	C:\Windows\System32\msvcrt.dll
0x00007fff19e80000 - 0x00007fff19f1d000 	C:\Windows\System32\msvcp_win.dll
0x00007fff1ac10000 - 0x00007fff1ac40000 	C:\Windows\System32\IMM32.DLL
0x00007ffec16c0000 - 0x00007ffec175b000 	D:\UnityVersion\2022.3.13f1\Editor\Data\PlaybackEngines\AndroidPlayer\OpenJDK\bin\msvcp140.dll
0x00007ffe71be0000 - 0x00007ffe72761000 	D:\UnityVersion\2022.3.13f1\Editor\Data\PlaybackEngines\AndroidPlayer\OpenJDK\bin\server\jvm.dll
0x00007fff1c130000 - 0x00007fff1c1de000 	C:\Windows\System32\ADVAPI32.dll
0x00007fff1bf60000 - 0x00007fff1bffc000 	C:\Windows\System32\sechost.dll
0x00007fff1b800000 - 0x00007fff1b925000 	C:\Windows\System32\RPCRT4.dll
0x00007fff1a970000 - 0x00007fff1a978000 	C:\Windows\System32\PSAPI.DLL
0x00007fff0a2b0000 - 0x00007fff0a2d7000 	C:\Windows\SYSTEM32\WINMM.dll
0x00007ffedcff0000 - 0x00007ffedcff9000 	C:\Windows\SYSTEM32\WSOCK32.dll
0x00007fff0f890000 - 0x00007fff0f89a000 	C:\Windows\SYSTEM32\VERSION.dll
0x00007fff1b9f0000 - 0x00007fff1ba5b000 	C:\Windows\System32\WS2_32.dll
0x00007fff18510000 - 0x00007fff18522000 	C:\Windows\SYSTEM32\kernel.appcore.dll
0x00007ffeca420000 - 0x00007ffeca430000 	D:\UnityVersion\2022.3.13f1\Editor\Data\PlaybackEngines\AndroidPlayer\OpenJDK\bin\verify.dll
0x00007fff17a90000 - 0x00007fff17c74000 	C:\Windows\SYSTEM32\DBGHELP.DLL
0x00007fff0ba80000 - 0x00007fff0baac000 	C:\Windows\SYSTEM32\dbgcore.DLL
0x00007fff1a3a0000 - 0x00007fff1a422000 	C:\Windows\System32\bcryptPrimitives.dll
0x00007ffeacab0000 - 0x00007ffeacad8000 	D:\UnityVersion\2022.3.13f1\Editor\Data\PlaybackEngines\AndroidPlayer\OpenJDK\bin\java.dll
0x00007ffec9e20000 - 0x00007ffec9e2a000 	D:\UnityVersion\2022.3.13f1\Editor\Data\PlaybackEngines\AndroidPlayer\OpenJDK\bin\jimage.dll
0x00007ffeaca90000 - 0x00007ffeacaa8000 	D:\UnityVersion\2022.3.13f1\Editor\Data\PlaybackEngines\AndroidPlayer\OpenJDK\bin\zip.dll

dbghelp: loaded successfully - version: 4.0.5 - missing functions: none
symbol engine: initialized successfully - sym options: 0x614 - pdb path: .;D:\UnityVersion\2022.3.13f1\Editor\Data\PlaybackEngines\AndroidPlayer\OpenJDK\bin;C:\Windows\SYSTEM32;C:\Windows\WinSxS\amd64_microsoft.windows.common-controls_6595b64144ccf1df_6.0.19041.1110_none_60b5254171f9507e;D:\UnityVersion\2022.3.13f1\Editor\Data\PlaybackEngines\AndroidPlayer\OpenJDK\bin\server

VM Arguments:
jvm_args: -Dfile.encoding=UTF-8 
java_command: <unknown>
java_class_path (initial): <not set>
Launcher Type: SUN_STANDARD

[Global flags]
     intx CICompilerCount                          = 12                                        {product} {ergonomic}
     uint ConcGCThreads                            = 3                                         {product} {ergonomic}
     uint G1ConcRefinementThreads                  = 13                                        {product} {ergonomic}
   size_t G1HeapRegionSize                         = 1048576                                   {product} {ergonomic}
    uintx GCDrainStackTargetSize                   = 64                                        {product} {ergonomic}
   size_t InitialHeapSize                          = 264241152                                 {product} {ergonomic}
   size_t MarkStackSize                            = 4194304                                   {product} {ergonomic}
   size_t MaxHeapSize                              = 4223664128                                {product} {ergonomic}
   size_t MinHeapDeltaBytes                        = 1048576                                   {product} {ergonomic}
    uintx NonNMethodCodeHeapSize                   = 7594288                                {pd product} {ergonomic}
    uintx NonProfiledCodeHeapSize                  = 122031976                              {pd product} {ergonomic}
    uintx ProfiledCodeHeapSize                     = 122031976                              {pd product} {ergonomic}
    uintx ReservedCodeCacheSize                    = 251658240                              {pd product} {ergonomic}
     bool SegmentedCodeCache                       = true                                      {product} {ergonomic}
     bool UseCompressedClassPointers               = true                                 {lp64_product} {ergonomic}
     bool UseCompressedOops                        = true                                 {lp64_product} {ergonomic}
     bool UseG1GC                                  = true                                      {product} {ergonomic}
     bool UseLargePagesIndividualAllocation        = false                                  {pd product} {ergonomic}

Logging:
Log output configuration:
 #0: stdout all=warning uptime,level,tags
 #1: stderr all=off uptime,level,tags

Environment Variables:
JAVA_HOME=D:\UnityVersion\2022.3.13f1\Editor\Data\PlaybackEngines\AndroidPlayer\OpenJDK
JAVA_TOOL_OPTIONS=-Dfile.encoding=UTF-8
PATH=C:\Program Files\Common Files\Oracle\Java\javapath;C:\Windows\system32;C:\Windows;C:\Windows\System32\Wbem;C:\Windows\System32\WindowsPowerShell\v1.0\;C:\Windows\System32\OpenSSH\;C:\Program Files (x86)\NVIDIA Corporation\PhysX\Common;C:\Program Files\NVIDIA Corporation\NVIDIA NvDLISR;C:\Program Files\OpenSSL-Win64\bin;C:\Program Files\Java\jdk-20\bin;C:\Users\Sergey\AppData\Local\Microsoft\WindowsApps;C:\Users\Sergey\AppData\Local\GitHubDesktop\bin;C:\Users\Sergey\AppData\Local\atom\bin;C:\Users\Sergey\AppData\Local\Programs\Microsoft VS Code\bin
USERNAME=UralchemVR
OS=Windows_NT
PROCESSOR_IDENTIFIER=Intel64 Family 6 Model 154 Stepping 3, GenuineIntel



---------------  S Y S T E M  ---------------

OS: Windows 10 , 64 bit Build 19041 (10.0.19041.1889)
OS uptime: 3 days 1:43 hours
Hyper-V role detected

CPU:total 16 (initial active 16) (8 cores per cpu, 2 threads per core) family 6 model 154 stepping 3 microcode 0x419, cmov, cx8, fxsr, mmx, sse, sse2, sse3, ssse3, sse4.1, sse4.2, popcnt, avx, avx2, aes, clmul, erms, 3dnowpref, lzcnt, ht, tsc, tscinvbit, bmi1, bmi2, adx, sha, fma

Memory: 4k page, system-wide physical 16109M (642M free)
TotalPageFile size 28894M (AvailPageFile size 63M)
current process WorkingSet (physical memory assigned to process): 10M, peak: 10M
current process commit charge ("private bytes"): 71M, peak: 323M

vm_info: OpenJDK 64-Bit Server VM (11.0.14.1+1) for windows-amd64 JRE (11.0.14.1+1), built on Feb  9 2022 01:48:27 by "" with unknown MS VC++:1916

END.
